<?xml version="1.0" encoding="UTF-8" ?>
<testsuite errors="1" failures="0" hostname="P6" name="com.allendowney.javacs.MyBetterMapTest" skipped="0" tests="1" time="0.0" timestamp="2021-06-25T13:22:03">
  <properties>
[...]
</properties>
  <error message="com.allendowney.javacs.MyBetterMapTest" type="java.lang.ClassNotFoundException">java.lang.ClassNotFoundException: com.allendowney.javacs.MyBetterMapTest
	at java.base/jdk.internal.loader.BuiltinClassLoader.loadClass(BuiltinClassLoader.java:581)
	at java.base/jdk.internal.loader.ClassLoaders$AppClassLoader.loadClass(ClassLoaders.java:178)
	at java.base/java.lang.ClassLoader.loadClass(ClassLoader.java:522)
	at java.base/java.lang.Class.forName0(Native Method)
	at java.base/java.lang.Class.forName(Class.java:315)
</error>
  <system-out><![CDATA[]]></system-out>
  <system-err><![CDATA[]]></system-err>
</testsuite>
